<?xml version="1.0" encoding="UTF-8"?>
<!-- Generated by org.testng.reporters.JUnitReportReporter -->
<testsuite skipped="0" hostname="DESKTOP-MCCRJ8V" name="org.testng.Task5" tests="1" failures="0" timestamp="17 Dec 2021 13:41:04 GMT" time="2.797" errors="0">
  <testcase name="toolsQa" time="2.797" classname="org.testng.Task5"/>
</testsuite> <!-- org.testng.Task5 -->
