<?xml version="1.0" encoding="UTF-8"?>
<!-- Generated by org.testng.reporters.JUnitReportReporter -->
<testsuite skipped="2" hostname="DESKTOP-MCCRJ8V" name="org.testng.Task1" tests="5" failures="0" timestamp="13 Dec 2021 11:12:35 GMT" time="38.418" errors="0">
  <testcase name="tc2" time="4.929" classname="org.testng.Task1"/>
  <testcase name="tc2" time="18.032" classname="org.testng.Task1"/>
  <testcase name="tc2" time="15.457" classname="org.testng.Task1"/>
  <testcase name="tc1" classname="org.testng.Task1">
    <skipped/>
  </testcase> <!-- tc1 -->
  <testcase name="tc3" classname="org.testng.Task1">
    <skipped/>
  </testcase> <!-- tc3 -->
</testsuite> <!-- org.testng.Task1 -->
