<?xml version="1.0" encoding="UTF-8"?>
<!-- Generated by org.testng.reporters.JUnitReportReporter -->
<testsuite skipped="0" hostname="DESKTOP-MCCRJ8V" name="org.maven.TestNGOrder" tests="3" failures="0" timestamp="13 Dec 2021 03:08:32 GMT" time="0.021" errors="0">
  <testcase name="tc1" time="0.012" classname="org.maven.TestNGOrder"/>
  <testcase name="tc2" time="0.003" classname="org.maven.TestNGOrder"/>
  <testcase name="tc3" time="0.006" classname="org.maven.TestNGOrder"/>
</testsuite> <!-- org.maven.TestNGOrder -->
