<?xml version="1.0" encoding="UTF-8"?>
<!-- Generated by org.testng.reporters.JUnitReportReporter -->
<testsuite skipped="0" hostname="DESKTOP-MCCRJ8V" name="org.testng.Task7" tests="3" failures="0" timestamp="20 Dec 2021 10:49:18 GMT" time="98.063" errors="0">
  <testcase name="tc1" time="30.924" classname="org.testng.Task7"/>
  <testcase name="tc1" time="32.234" classname="org.testng.Task7"/>
  <testcase name="tc1" time="34.905" classname="org.testng.Task7"/>
</testsuite> <!-- org.testng.Task7 -->
