<?xml version="1.0" encoding="UTF-8"?>
<!-- Generated by org.testng.reporters.JUnitReportReporter -->
<testsuite skipped="0" hostname="DESKTOP-MCCRJ8V" name="org.testng.Task3" tests="2" failures="0" timestamp="17 Dec 2021 06:39:40 GMT" time="2.464" errors="1">
  <testcase name="toolsQa" time="2.456" classname="org.testng.Task3"/>
  <testcase name="closeBrowser" time="0.008" classname="org.testng.Task3">
    <error type="java.lang.StackOverflowError">
      <![CDATA[java.lang.StackOverflowError
at org.testng.Task3.closeBrowser(Task3.java:24)
at org.testng.Task3.closeBrowser(Task3.java:24)
at org.testng.Task3.closeBrowser(Task3.java:24)
at org.testng.Task3.closeBrowser(Task3.java:24)
at org.testng.Task3.closeBrowser(Task3.java:24)
at org.testng.Task3.closeBrowser(Task3.java:24)
at org.testng.Task3.closeBrowser(Task3.java:24)
at org.testng.Task3.closeBrowser(Task3.java:24)
at org.testng.Task3.closeBrowser(Task3.java:24)
at org.testng.Task3.closeBrowser(Task3.java:24)
at org.testng.Task3.closeBrowser(Task3.java:24)
at org.testng.Task3.closeBrowser(Task3.java:24)
at org.testng.Task3.closeBrowser(Task3.java:24)
at org.testng.Task3.closeBrowser(Task3.java:24)
at org.testng.Task3.closeBrowser(Task3.java:24)
at org.testng.Task3.closeBrowser(Task3.java:24)
at org.testng.Task3.closeBrowser(Task3.java:24)
at org.testng.Task3.closeBrowser(Task3.java:24)
at org.testng.Task3.closeBrowser(Task3.java:24)
at org.testng.Task3.closeBrowser(Task3.java:24)
at org.testng.Task3.closeBrowser(Task3.java:24)
at org.testng.Task3.closeBrowser(Task3.java:24)
at org.testng.Task3.closeBrowser(Task3.java:24)
at org.testng.Task3.closeBrowser(Task3.java:24)
at org.testng.Task3.closeBrowser(Task3.java:24)
at org.testng.Task3.closeBrowser(Task3.java:24)
at org.testng.Task3.closeBrowser(Task3.java:24)
at org.testng.Task3.closeBrowser(Task3.java:24)
at org.testng.Task3.closeBrowser(Task3.java:24)
at org.testng.Task3.closeBrowser(Task3.java:24)
at org.testng.Task3.closeBrowser(Task3.java:24)
at org.testng.Task3.closeBrowser(Task3.java:24)
at org.testng.Task3.closeBrowser(Task3.java:24)
at org.testng.Task3.closeBrowser(Task3.java:24)
at org.testng.Task3.closeBrowser(Task3.java:24)
at org.testng.Task3.closeBrowser(Task3.java:24)
at org.testng.Task3.closeBrowser(Task3.java:24)
at org.testng.Task3.closeBrowser(Task3.java:24)
at org.testng.Task3.closeBrowser(Task3.java:24)
at org.testng.Task3.closeBrowser(Task3.java:24)
at org.testng.Task3.closeBrowser(Task3.java:24)
at org.testng.Task3.closeBrowser(Task3.java:24)
at org.testng.Task3.closeBrowser(Task3.java:24)
at org.testng.Task3.closeBrowser(Task3.java:24)
at org.testng.Task3.closeBrowser(Task3.java:24)
at org.testng.Task3.closeBrowser(Task3.java:24)
at org.testng.Task3.closeBrowser(Task3.java:24)
at org.testng.Task3.closeBrowser(Task3.java:24)
at org.testng.Task3.closeBrowser(Task3.java:24)
at org.testng.Task3.closeBrowser(Task3.java:24)
at org.testng.Task3.closeBrowser(Task3.java:24)
at org.testng.Task3.closeBrowser(Task3.java:24)
at org.testng.Task3.closeBrowser(Task3.java:24)
at org.testng.Task3.closeBrowser(Task3.java:24)
at org.testng.Task3.closeBrowser(Task3.java:24)
at org.testng.Task3.closeBrowser(Task3.java:24)
at org.testng.Task3.closeBrowser(Task3.java:24)
at org.testng.Task3.closeBrowser(Task3.java:24)
at org.testng.Task3.closeBrowser(Task3.java:24)
at org.testng.Task3.closeBrowser(Task3.java:24)
at org.testng.Task3.closeBrowser(Task3.java:24)
at org.testng.Task3.closeBrowser(Task3.java:24)
at org.testng.Task3.closeBrowser(Task3.java:24)
at org.testng.Task3.closeBrowser(Task3.java:24)
at org.testng.Task3.closeBrowser(Task3.java:24)
at org.testng.Task3.closeBrowser(Task3.java:24)
at org.testng.Task3.closeBrowser(Task3.java:24)
at org.testng.Task3.closeBrowser(Task3.java:24)
at org.testng.Task3.closeBrowser(Task3.java:24)
at org.testng.Task3.closeBrowser(Task3.java:24)
at org.testng.Task3.closeBrowser(Task3.java:24)
at org.testng.Task3.closeBrowser(Task3.java:24)
at org.testng.Task3.closeBrowser(Task3.java:24)
at org.testng.Task3.closeBrowser(Task3.java:24)
at org.testng.Task3.closeBrowser(Task3.java:24)
at org.testng.Task3.closeBrowser(Task3.java:24)
at org.testng.Task3.closeBrowser(Task3.java:24)
at org.testng.Task3.closeBrowser(Task3.java:24)
at org.testng.Task3.closeBrowser(Task3.java:24)
at org.testng.Task3.closeBrowser(Task3.java:24)
at org.testng.Task3.closeBrowser(Task3.java:24)
at org.testng.Task3.closeBrowser(Task3.java:24)
at org.testng.Task3.closeBrowser(Task3.java:24)
at org.testng.Task3.closeBrowser(Task3.java:24)
at org.testng.Task3.closeBrowser(Task3.java:24)
at org.testng.Task3.closeBrowser(Task3.java:24)
at org.testng.Task3.closeBrowser(Task3.java:24)
at org.testng.Task3.closeBrowser(Task3.java:24)
at org.testng.Task3.closeBrowser(Task3.java:24)
at org.testng.Task3.closeBrowser(Task3.java:24)
at org.testng.Task3.closeBrowser(Task3.java:24)
at org.testng.Task3.closeBrowser(Task3.java:24)
at org.testng.Task3.closeBrowser(Task3.java:24)
at org.testng.Task3.closeBrowser(Task3.java:24)
at org.testng.Task3.closeBrowser(Task3.java:24)
at org.testng.Task3.closeBrowser(Task3.java:24)
at org.testng.Task3.closeBrowser(Task3.java:24)
at org.testng.Task3.closeBrowser(Task3.java:24)
at org.testng.Task3.closeBrowser(Task3.java:24)
at org.testng.Task3.closeBrowser(Task3.java:24)
at org.testng.Task3.closeBrowser(Task3.java:24)
at org.testng.Task3.closeBrowser(Task3.java:24)
at org.testng.Task3.closeBrowser(Task3.java:24)
at org.testng.Task3.closeBrowser(Task3.java:24)
at org.testng.Task3.closeBrowser(Task3.java:24)
at org.testng.Task3.closeBrowser(Task3.java:24)
at org.testng.Task3.closeBrowser(Task3.java:24)
at org.testng.Task3.closeBrowser(Task3.java:24)
at org.testng.Task3.closeBrowser(Task3.java:24)
at org.testng.Task3.closeBrowser(Task3.java:24)
at org.testng.Task3.closeBrowser(Task3.java:24)
at org.testng.Task3.closeBrowser(Task3.java:24)
at org.testng.Task3.closeBrowser(Task3.java:24)
at org.testng.Task3.closeBrowser(Task3.java:24)
at org.testng.Task3.closeBrowser(Task3.java:24)
at org.testng.Task3.closeBrowser(Task3.java:24)
at org.testng.Task3.closeBrowser(Task3.java:24)
at org.testng.Task3.closeBrowser(Task3.java:24)
at org.testng.Task3.closeBrowser(Task3.java:24)
at org.testng.Task3.closeBrowser(Task3.java:24)
at org.testng.Task3.closeBrowser(Task3.java:24)
at org.testng.Task3.closeBrowser(Task3.java:24)
at org.testng.Task3.closeBrowser(Task3.java:24)
at org.testng.Task3.closeBrowser(Task3.java:24)
at org.testng.Task3.closeBrowser(Task3.java:24)
at org.testng.Task3.closeBrowser(Task3.java:24)
at org.testng.Task3.closeBrowser(Task3.java:24)
at org.testng.Task3.closeBrowser(Task3.java:24)
at org.testng.Task3.closeBrowser(Task3.java:24)
at org.testng.Task3.closeBrowser(Task3.java:24)
at org.testng.Task3.closeBrowser(Task3.java:24)
at org.testng.Task3.closeBrowser(Task3.java:24)
at org.testng.Task3.closeBrowser(Task3.java:24)
at org.testng.Task3.closeBrowser(Task3.java:24)
at org.testng.Task3.closeBrowser(Task3.java:24)
at org.testng.Task3.closeBrowser(Task3.java:24)
at org.testng.Task3.closeBrowser(Task3.java:24)
at org.testng.Task3.closeBrowser(Task3.java:24)
at org.testng.Task3.closeBrowser(Task3.java:24)
at org.testng.Task3.closeBrowser(Task3.java:24)
at org.testng.Task3.closeBrowser(Task3.java:24)
at org.testng.Task3.closeBrowser(Task3.java:24)
at org.testng.Task3.closeBrowser(Task3.java:24)
at org.testng.Task3.closeBrowser(Task3.java:24)
at org.testng.Task3.closeBrowser(Task3.java:24)
at org.testng.Task3.closeBrowser(Task3.java:24)
at org.testng.Task3.closeBrowser(Task3.java:24)
at org.testng.Task3.closeBrowser(Task3.java:24)
at org.testng.Task3.closeBrowser(Task3.java:24)
at org.testng.Task3.closeBrowser(Task3.java:24)
at org.testng.Task3.closeBrowser(Task3.java:24)
at org.testng.Task3.closeBrowser(Task3.java:24)
at org.testng.Task3.closeBrowser(Task3.java:24)
at org.testng.Task3.closeBrowser(Task3.java:24)
at org.testng.Task3.closeBrowser(Task3.java:24)
at org.testng.Task3.closeBrowser(Task3.java:24)
at org.testng.Task3.closeBrowser(Task3.java:24)
at org.testng.Task3.closeBrowser(Task3.java:24)
at org.testng.Task3.closeBrowser(Task3.java:24)
at org.testng.Task3.closeBrowser(Task3.java:24)
at org.testng.Task3.closeBrowser(Task3.java:24)
at org.testng.Task3.closeBrowser(Task3.java:24)
at org.testng.Task3.closeBrowser(Task3.java:24)
at org.testng.Task3.closeBrowser(Task3.java:24)
at org.testng.Task3.closeBrowser(Task3.java:24)
at org.testng.Task3.closeBrowser(Task3.java:24)
at org.testng.Task3.closeBrowser(Task3.java:24)
at org.testng.Task3.closeBrowser(Task3.java:24)
at org.testng.Task3.closeBrowser(Task3.java:24)
at org.testng.Task3.closeBrowser(Task3.java:24)
at org.testng.Task3.closeBrowser(Task3.java:24)
at org.testng.Task3.closeBrowser(Task3.java:24)
at org.testng.Task3.closeBrowser(Task3.java:24)
at org.testng.Task3.closeBrowser(Task3.java:24)
at org.testng.Task3.closeBrowser(Task3.java:24)
at org.testng.Task3.closeBrowser(Task3.java:24)
at org.testng.Task3.closeBrowser(Task3.java:24)
at org.testng.Task3.closeBrowser(Task3.java:24)
at org.testng.Task3.closeBrowser(Task3.java:24)
at org.testng.Task3.closeBrowser(Task3.java:24)
at org.testng.Task3.closeBrowser(Task3.java:24)
at org.testng.Task3.closeBrowser(Task3.java:24)
at org.testng.Task3.closeBrowser(Task3.java:24)
at org.testng.Task3.closeBrowser(Task3.java:24)
at org.testng.Task3.closeBrowser(Task3.java:24)
at org.testng.Task3.closeBrowser(Task3.java:24)
at org.testng.Task3.closeBrowser(Task3.java:24)
at org.testng.Task3.closeBrowser(Task3.java:24)
at org.testng.Task3.closeBrowser(Task3.java:24)
at org.testng.Task3.closeBrowser(Task3.java:24)
at org.testng.Task3.closeBrowser(Task3.java:24)
at org.testng.Task3.closeBrowser(Task3.java:24)
at org.testng.Task3.closeBrowser(Task3.java:24)
at org.testng.Task3.closeBrowser(Task3.java:24)
at org.testng.Task3.closeBrowser(Task3.java:24)
at org.testng.Task3.closeBrowser(Task3.java:24)
at org.testng.Task3.closeBrowser(Task3.java:24)
at org.testng.Task3.closeBrowser(Task3.java:24)
at org.testng.Task3.closeBrowser(Task3.java:24)
at org.testng.Task3.closeBrowser(Task3.java:24)
at org.testng.Task3.closeBrowser(Task3.java:24)
at org.testng.Task3.closeBrowser(Task3.java:24)
at org.testng.Task3.closeBrowser(Task3.java:24)
at org.testng.Task3.closeBrowser(Task3.java:24)
at org.testng.Task3.closeBrowser(Task3.java:24)
at org.testng.Task3.closeBrowser(Task3.java:24)
at org.testng.Task3.closeBrowser(Task3.java:24)
at org.testng.Task3.closeBrowser(Task3.java:24)
at org.testng.Task3.closeBrowser(Task3.java:24)
at org.testng.Task3.closeBrowser(Task3.java:24)
at org.testng.Task3.closeBrowser(Task3.java:24)
at org.testng.Task3.closeBrowser(Task3.java:24)
at org.testng.Task3.closeBrowser(Task3.java:24)
at org.testng.Task3.closeBrowser(Task3.java:24)
at org.testng.Task3.closeBrowser(Task3.java:24)
at org.testng.Task3.closeBrowser(Task3.java:24)
at org.testng.Task3.closeBrowser(Task3.java:24)
at org.testng.Task3.closeBrowser(Task3.java:24)
at org.testng.Task3.closeBrowser(Task3.java:24)
at org.testng.Task3.closeBrowser(Task3.java:24)
at org.testng.Task3.closeBrowser(Task3.java:24)
at org.testng.Task3.closeBrowser(Task3.java:24)
at org.testng.Task3.closeBrowser(Task3.java:24)
at org.testng.Task3.closeBrowser(Task3.java:24)
at org.testng.Task3.closeBrowser(Task3.java:24)
at org.testng.Task3.closeBrowser(Task3.java:24)
at org.testng.Task3.closeBrowser(Task3.java:24)
at org.testng.Task3.closeBrowser(Task3.java:24)
at org.testng.Task3.closeBrowser(Task3.java:24)
at org.testng.Task3.closeBrowser(Task3.java:24)
at org.testng.Task3.closeBrowser(Task3.java:24)
at org.testng.Task3.closeBrowser(Task3.java:24)
at org.testng.Task3.closeBrowser(Task3.java:24)
at org.testng.Task3.closeBrowser(Task3.java:24)
at org.testng.Task3.closeBrowser(Task3.java:24)
at org.testng.Task3.closeBrowser(Task3.java:24)
at org.testng.Task3.closeBrowser(Task3.java:24)
at org.testng.Task3.closeBrowser(Task3.java:24)
at org.testng.Task3.closeBrowser(Task3.java:24)
at org.testng.Task3.closeBrowser(Task3.java:24)
at org.testng.Task3.closeBrowser(Task3.java:24)
at org.testng.Task3.closeBrowser(Task3.java:24)
at org.testng.Task3.closeBrowser(Task3.java:24)
at org.testng.Task3.closeBrowser(Task3.java:24)
at org.testng.Task3.closeBrowser(Task3.java:24)
at org.testng.Task3.closeBrowser(Task3.java:24)
at org.testng.Task3.closeBrowser(Task3.java:24)
at org.testng.Task3.closeBrowser(Task3.java:24)
at org.testng.Task3.closeBrowser(Task3.java:24)
at org.testng.Task3.closeBrowser(Task3.java:24)
at org.testng.Task3.closeBrowser(Task3.java:24)
at org.testng.Task3.closeBrowser(Task3.java:24)
at org.testng.Task3.closeBrowser(Task3.java:24)
at org.testng.Task3.closeBrowser(Task3.java:24)
at org.testng.Task3.closeBrowser(Task3.java:24)
at org.testng.Task3.closeBrowser(Task3.java:24)
at org.testng.Task3.closeBrowser(Task3.java:24)
at org.testng.Task3.closeBrowser(Task3.java:24)
at org.testng.Task3.closeBrowser(Task3.java:24)
at org.testng.Task3.closeBrowser(Task3.java:24)
at org.testng.Task3.closeBrowser(Task3.java:24)
at org.testng.Task3.closeBrowser(Task3.java:24)
at org.testng.Task3.closeBrowser(Task3.java:24)
at org.testng.Task3.closeBrowser(Task3.java:24)
at org.testng.Task3.closeBrowser(Task3.java:24)
at org.testng.Task3.closeBrowser(Task3.java:24)
at org.testng.Task3.closeBrowser(Task3.java:24)
at org.testng.Task3.closeBrowser(Task3.java:24)
at org.testng.Task3.closeBrowser(Task3.java:24)
at org.testng.Task3.closeBrowser(Task3.java:24)
at org.testng.Task3.closeBrowser(Task3.java:24)
at org.testng.Task3.closeBrowser(Task3.java:24)
at org.testng.Task3.closeBrowser(Task3.java:24)
at org.testng.Task3.closeBrowser(Task3.java:24)
at org.testng.Task3.closeBrowser(Task3.java:24)
at org.testng.Task3.closeBrowser(Task3.java:24)
at org.testng.Task3.closeBrowser(Task3.java:24)
at org.testng.Task3.closeBrowser(Task3.java:24)
at org.testng.Task3.closeBrowser(Task3.java:24)
at org.testng.Task3.closeBrowser(Task3.java:24)
at org.testng.Task3.closeBrowser(Task3.java:24)
at org.testng.Task3.closeBrowser(Task3.java:24)
at org.testng.Task3.closeBrowser(Task3.java:24)
at org.testng.Task3.closeBrowser(Task3.java:24)
at org.testng.Task3.closeBrowser(Task3.java:24)
at org.testng.Task3.closeBrowser(Task3.java:24)
at org.testng.Task3.closeBrowser(Task3.java:24)
at org.testng.Task3.closeBrowser(Task3.java:24)
at org.testng.Task3.closeBrowser(Task3.java:24)
at org.testng.Task3.closeBrowser(Task3.java:24)
at org.testng.Task3.closeBrowser(Task3.java:24)
at org.testng.Task3.closeBrowser(Task3.java:24)
at org.testng.Task3.closeBrowser(Task3.java:24)
at org.testng.Task3.closeBrowser(Task3.java:24)
at org.testng.Task3.closeBrowser(Task3.java:24)
at org.testng.Task3.closeBrowser(Task3.java:24)
at org.testng.Task3.closeBrowser(Task3.java:24)
at org.testng.Task3.closeBrowser(Task3.java:24)
at org.testng.Task3.closeBrowser(Task3.java:24)
at org.testng.Task3.closeBrowser(Task3.java:24)
at org.testng.Task3.closeBrowser(Task3.java:24)
at org.testng.Task3.closeBrowser(Task3.java:24)
at org.testng.Task3.closeBrowser(Task3.java:24)
at org.testng.Task3.closeBrowser(Task3.java:24)
at org.testng.Task3.closeBrowser(Task3.java:24)
at org.testng.Task3.closeBrowser(Task3.java:24)
at org.testng.Task3.closeBrowser(Task3.java:24)
at org.testng.Task3.closeBrowser(Task3.java:24)
at org.testng.Task3.closeBrowser(Task3.java:24)
at org.testng.Task3.closeBrowser(Task3.java:24)
at org.testng.Task3.closeBrowser(Task3.java:24)
at org.testng.Task3.closeBrowser(Task3.java:24)
at org.testng.Task3.closeBrowser(Task3.java:24)
at org.testng.Task3.closeBrowser(Task3.java:24)
at org.testng.Task3.closeBrowser(Task3.java:24)
at org.testng.Task3.closeBrowser(Task3.java:24)
at org.testng.Task3.closeBrowser(Task3.java:24)
at org.testng.Task3.closeBrowser(Task3.java:24)
at org.testng.Task3.closeBrowser(Task3.java:24)
at org.testng.Task3.closeBrowser(Task3.java:24)
at org.testng.Task3.closeBrowser(Task3.java:24)
at org.testng.Task3.closeBrowser(Task3.java:24)
at org.testng.Task3.closeBrowser(Task3.java:24)
at org.testng.Task3.closeBrowser(Task3.java:24)
at org.testng.Task3.closeBrowser(Task3.java:24)
at org.testng.Task3.closeBrowser(Task3.java:24)
at org.testng.Task3.closeBrowser(Task3.java:24)
at org.testng.Task3.closeBrowser(Task3.java:24)
at org.testng.Task3.closeBrowser(Task3.java:24)
at org.testng.Task3.closeBrowser(Task3.java:24)
at org.testng.Task3.closeBrowser(Task3.java:24)
at org.testng.Task3.closeBrowser(Task3.java:24)
at org.testng.Task3.closeBrowser(Task3.java:24)
at org.testng.Task3.closeBrowser(Task3.java:24)
at org.testng.Task3.closeBrowser(Task3.java:24)
at org.testng.Task3.closeBrowser(Task3.java:24)
at org.testng.Task3.closeBrowser(Task3.java:24)
at org.testng.Task3.closeBrowser(Task3.java:24)
at org.testng.Task3.closeBrowser(Task3.java:24)
at org.testng.Task3.closeBrowser(Task3.java:24)
at org.testng.Task3.closeBrowser(Task3.java:24)
at org.testng.Task3.closeBrowser(Task3.java:24)
at org.testng.Task3.closeBrowser(Task3.java:24)
at org.testng.Task3.closeBrowser(Task3.java:24)
at org.testng.Task3.closeBrowser(Task3.java:24)
at org.testng.Task3.closeBrowser(Task3.java:24)
at org.testng.Task3.closeBrowser(Task3.java:24)
at org.testng.Task3.closeBrowser(Task3.java:24)
at org.testng.Task3.closeBrowser(Task3.java:24)
at org.testng.Task3.closeBrowser(Task3.java:24)
at org.testng.Task3.closeBrowser(Task3.java:24)
at org.testng.Task3.closeBrowser(Task3.java:24)
at org.testng.Task3.closeBrowser(Task3.java:24)
at org.testng.Task3.closeBrowser(Task3.java:24)
at org.testng.Task3.closeBrowser(Task3.java:24)
at org.testng.Task3.closeBrowser(Task3.java:24)
at org.testng.Task3.closeBrowser(Task3.java:24)
at org.testng.Task3.closeBrowser(Task3.java:24)
at org.testng.Task3.closeBrowser(Task3.java:24)
at org.testng.Task3.closeBrowser(Task3.java:24)
at org.testng.Task3.closeBrowser(Task3.java:24)
at org.testng.Task3.closeBrowser(Task3.java:24)
at org.testng.Task3.closeBrowser(Task3.java:24)
at org.testng.Task3.closeBrowser(Task3.java:24)
at org.testng.Task3.closeBrowser(Task3.java:24)
at org.testng.Task3.closeBrowser(Task3.java:24)
at org.testng.Task3.closeBrowser(Task3.java:24)
at org.testng.Task3.closeBrowser(Task3.java:24)
at org.testng.Task3.closeBrowser(Task3.java:24)
at org.testng.Task3.closeBrowser(Task3.java:24)
at org.testng.Task3.closeBrowser(Task3.java:24)
at org.testng.Task3.closeBrowser(Task3.java:24)
at org.testng.Task3.closeBrowser(Task3.java:24)
at org.testng.Task3.closeBrowser(Task3.java:24)
at org.testng.Task3.closeBrowser(Task3.java:24)
at org.testng.Task3.closeBrowser(Task3.java:24)
at org.testng.Task3.closeBrowser(Task3.java:24)
at org.testng.Task3.closeBrowser(Task3.java:24)
at org.testng.Task3.closeBrowser(Task3.java:24)
at org.testng.Task3.closeBrowser(Task3.java:24)
at org.testng.Task3.closeBrowser(Task3.java:24)
at org.testng.Task3.closeBrowser(Task3.java:24)
at org.testng.Task3.closeBrowser(Task3.java:24)
at org.testng.Task3.closeBrowser(Task3.java:24)
at org.testng.Task3.closeBrowser(Task3.java:24)
at org.testng.Task3.closeBrowser(Task3.java:24)
at org.testng.Task3.closeBrowser(Task3.java:24)
at org.testng.Task3.closeBrowser(Task3.java:24)
at org.testng.Task3.closeBrowser(Task3.java:24)
at org.testng.Task3.closeBrowser(Task3.java:24)
at org.testng.Task3.closeBrowser(Task3.java:24)
at org.testng.Task3.closeBrowser(Task3.java:24)
at org.testng.Task3.closeBrowser(Task3.java:24)
at org.testng.Task3.closeBrowser(Task3.java:24)
at org.testng.Task3.closeBrowser(Task3.java:24)
at org.testng.Task3.closeBrowser(Task3.java:24)
at org.testng.Task3.closeBrowser(Task3.java:24)
at org.testng.Task3.closeBrowser(Task3.java:24)
at org.testng.Task3.closeBrowser(Task3.java:24)
at org.testng.Task3.closeBrowser(Task3.java:24)
at org.testng.Task3.closeBrowser(Task3.java:24)
at org.testng.Task3.closeBrowser(Task3.java:24)
at org.testng.Task3.closeBrowser(Task3.java:24)
at org.testng.Task3.closeBrowser(Task3.java:24)
at org.testng.Task3.closeBrowser(Task3.java:24)
at org.testng.Task3.closeBrowser(Task3.java:24)
at org.testng.Task3.closeBrowser(Task3.java:24)
at org.testng.Task3.closeBrowser(Task3.java:24)
at org.testng.Task3.closeBrowser(Task3.java:24)
at org.testng.Task3.closeBrowser(Task3.java:24)
at org.testng.Task3.closeBrowser(Task3.java:24)
at org.testng.Task3.closeBrowser(Task3.java:24)
at org.testng.Task3.closeBrowser(Task3.java:24)
at org.testng.Task3.closeBrowser(Task3.java:24)
at org.testng.Task3.closeBrowser(Task3.java:24)
at org.testng.Task3.closeBrowser(Task3.java:24)
at org.testng.Task3.closeBrowser(Task3.java:24)
at org.testng.Task3.closeBrowser(Task3.java:24)
at org.testng.Task3.closeBrowser(Task3.java:24)
at org.testng.Task3.closeBrowser(Task3.java:24)
at org.testng.Task3.closeBrowser(Task3.java:24)
at org.testng.Task3.closeBrowser(Task3.java:24)
at org.testng.Task3.closeBrowser(Task3.java:24)
at org.testng.Task3.closeBrowser(Task3.java:24)
at org.testng.Task3.closeBrowser(Task3.java:24)
at org.testng.Task3.closeBrowser(Task3.java:24)
at org.testng.Task3.closeBrowser(Task3.java:24)
at org.testng.Task3.closeBrowser(Task3.java:24)
at org.testng.Task3.closeBrowser(Task3.java:24)
at org.testng.Task3.closeBrowser(Task3.java:24)
at org.testng.Task3.closeBrowser(Task3.java:24)
at org.testng.Task3.closeBrowser(Task3.java:24)
at org.testng.Task3.closeBrowser(Task3.java:24)
at org.testng.Task3.closeBrowser(Task3.java:24)
at org.testng.Task3.closeBrowser(Task3.java:24)
at org.testng.Task3.closeBrowser(Task3.java:24)
at org.testng.Task3.closeBrowser(Task3.java:24)
at org.testng.Task3.closeBrowser(Task3.java:24)
at org.testng.Task3.closeBrowser(Task3.java:24)
at org.testng.Task3.closeBrowser(Task3.java:24)
at org.testng.Task3.closeBrowser(Task3.java:24)
at org.testng.Task3.closeBrowser(Task3.java:24)
at org.testng.Task3.closeBrowser(Task3.java:24)
at org.testng.Task3.closeBrowser(Task3.java:24)
at org.testng.Task3.closeBrowser(Task3.java:24)
at org.testng.Task3.closeBrowser(Task3.java:24)
at org.testng.Task3.closeBrowser(Task3.java:24)
at org.testng.Task3.closeBrowser(Task3.java:24)
at org.testng.Task3.closeBrowser(Task3.java:24)
at org.testng.Task3.closeBrowser(Task3.java:24)
at org.testng.Task3.closeBrowser(Task3.java:24)
at org.testng.Task3.closeBrowser(Task3.java:24)
at org.testng.Task3.closeBrowser(Task3.java:24)
at org.testng.Task3.closeBrowser(Task3.java:24)
at org.testng.Task3.closeBrowser(Task3.java:24)
at org.testng.Task3.closeBrowser(Task3.java:24)
at org.testng.Task3.closeBrowser(Task3.java:24)
at org.testng.Task3.closeBrowser(Task3.java:24)
at org.testng.Task3.closeBrowser(Task3.java:24)
at org.testng.Task3.closeBrowser(Task3.java:24)
at org.testng.Task3.closeBrowser(Task3.java:24)
at org.testng.Task3.closeBrowser(Task3.java:24)
at org.testng.Task3.closeBrowser(Task3.java:24)
at org.testng.Task3.closeBrowser(Task3.java:24)
at org.testng.Task3.closeBrowser(Task3.java:24)
at org.testng.Task3.closeBrowser(Task3.java:24)
at org.testng.Task3.closeBrowser(Task3.java:24)
at org.testng.Task3.closeBrowser(Task3.java:24)
at org.testng.Task3.closeBrowser(Task3.java:24)
at org.testng.Task3.closeBrowser(Task3.java:24)
at org.testng.Task3.closeBrowser(Task3.java:24)
at org.testng.Task3.closeBrowser(Task3.java:24)
at org.testng.Task3.closeBrowser(Task3.java:24)
at org.testng.Task3.closeBrowser(Task3.java:24)
at org.testng.Task3.closeBrowser(Task3.java:24)
at org.testng.Task3.closeBrowser(Task3.java:24)
at org.testng.Task3.closeBrowser(Task3.java:24)
at org.testng.Task3.closeBrowser(Task3.java:24)
at org.testng.Task3.closeBrowser(Task3.java:24)
at org.testng.Task3.closeBrowser(Task3.java:24)
at org.testng.Task3.closeBrowser(Task3.java:24)
at org.testng.Task3.closeBrowser(Task3.java:24)
at org.testng.Task3.closeBrowser(Task3.java:24)
at org.testng.Task3.closeBrowser(Task3.java:24)
at org.testng.Task3.closeBrowser(Task3.java:24)
at org.testng.Task3.closeBrowser(Task3.java:24)
at org.testng.Task3.closeBrowser(Task3.java:24)
at org.testng.Task3.closeBrowser(Task3.java:24)
at org.testng.Task3.closeBrowser(Task3.java:24)
at org.testng.Task3.closeBrowser(Task3.java:24)
at org.testng.Task3.closeBrowser(Task3.java:24)
at org.testng.Task3.closeBrowser(Task3.java:24)
at org.testng.Task3.closeBrowser(Task3.java:24)
at org.testng.Task3.closeBrowser(Task3.java:24)
at org.testng.Task3.closeBrowser(Task3.java:24)
at org.testng.Task3.closeBrowser(Task3.java:24)
at org.testng.Task3.closeBrowser(Task3.java:24)
at org.testng.Task3.closeBrowser(Task3.java:24)
at org.testng.Task3.closeBrowser(Task3.java:24)
at org.testng.Task3.closeBrowser(Task3.java:24)
at org.testng.Task3.closeBrowser(Task3.java:24)
at org.testng.Task3.closeBrowser(Task3.java:24)
at org.testng.Task3.closeBrowser(Task3.java:24)
at org.testng.Task3.closeBrowser(Task3.java:24)
at org.testng.Task3.closeBrowser(Task3.java:24)
at org.testng.Task3.closeBrowser(Task3.java:24)
at org.testng.Task3.closeBrowser(Task3.java:24)
at org.testng.Task3.closeBrowser(Task3.java:24)
at org.testng.Task3.closeBrowser(Task3.java:24)
at org.testng.Task3.closeBrowser(Task3.java:24)
at org.testng.Task3.closeBrowser(Task3.java:24)
at org.testng.Task3.closeBrowser(Task3.java:24)
at org.testng.Task3.closeBrowser(Task3.java:24)
at org.testng.Task3.closeBrowser(Task3.java:24)
at org.testng.Task3.closeBrowser(Task3.java:24)
at org.testng.Task3.closeBrowser(Task3.java:24)
at org.testng.Task3.closeBrowser(Task3.java:24)
at org.testng.Task3.closeBrowser(Task3.java:24)
at org.testng.Task3.closeBrowser(Task3.java:24)
at org.testng.Task3.closeBrowser(Task3.java:24)
at org.testng.Task3.closeBrowser(Task3.java:24)
at org.testng.Task3.closeBrowser(Task3.java:24)
at org.testng.Task3.closeBrowser(Task3.java:24)
at org.testng.Task3.closeBrowser(Task3.java:24)
at org.testng.Task3.closeBrowser(Task3.java:24)
at org.testng.Task3.closeBrowser(Task3.java:24)
at org.testng.Task3.closeBrowser(Task3.java:24)
at org.testng.Task3.closeBrowser(Task3.java:24)
at org.testng.Task3.closeBrowser(Task3.java:24)
at org.testng.Task3.closeBrowser(Task3.java:24)
at org.testng.Task3.closeBrowser(Task3.java:24)
at org.testng.Task3.closeBrowser(Task3.java:24)
at org.testng.Task3.closeBrowser(Task3.java:24)
at org.testng.Task3.closeBrowser(Task3.java:24)
at org.testng.Task3.closeBrowser(Task3.java:24)
at org.testng.Task3.closeBrowser(Task3.java:24)
at org.testng.Task3.closeBrowser(Task3.java:24)
at org.testng.Task3.closeBrowser(Task3.java:24)
at org.testng.Task3.closeBrowser(Task3.java:24)
at org.testng.Task3.closeBrowser(Task3.java:24)
at org.testng.Task3.closeBrowser(Task3.java:24)
at org.testng.Task3.closeBrowser(Task3.java:24)
at org.testng.Task3.closeBrowser(Task3.java:24)
at org.testng.Task3.closeBrowser(Task3.java:24)
at org.testng.Task3.closeBrowser(Task3.java:24)
at org.testng.Task3.closeBrowser(Task3.java:24)
at org.testng.Task3.closeBrowser(Task3.java:24)
at org.testng.Task3.closeBrowser(Task3.java:24)
at org.testng.Task3.closeBrowser(Task3.java:24)
at org.testng.Task3.closeBrowser(Task3.java:24)
at org.testng.Task3.closeBrowser(Task3.java:24)
at org.testng.Task3.closeBrowser(Task3.java:24)
at org.testng.Task3.closeBrowser(Task3.java:24)
at org.testng.Task3.closeBrowser(Task3.java:24)
at org.testng.Task3.closeBrowser(Task3.java:24)
at org.testng.Task3.closeBrowser(Task3.java:24)
at org.testng.Task3.closeBrowser(Task3.java:24)
at org.testng.Task3.closeBrowser(Task3.java:24)
at org.testng.Task3.closeBrowser(Task3.java:24)
at org.testng.Task3.closeBrowser(Task3.java:24)
at org.testng.Task3.closeBrowser(Task3.java:24)
at org.testng.Task3.closeBrowser(Task3.java:24)
at org.testng.Task3.closeBrowser(Task3.java:24)
at org.testng.Task3.closeBrowser(Task3.java:24)
at org.testng.Task3.closeBrowser(Task3.java:24)
at org.testng.Task3.closeBrowser(Task3.java:24)
at org.testng.Task3.closeBrowser(Task3.java:24)
at org.testng.Task3.closeBrowser(Task3.java:24)
at org.testng.Task3.closeBrowser(Task3.java:24)
at org.testng.Task3.closeBrowser(Task3.java:24)
at org.testng.Task3.closeBrowser(Task3.java:24)
at org.testng.Task3.closeBrowser(Task3.java:24)
at org.testng.Task3.closeBrowser(Task3.java:24)
at org.testng.Task3.closeBrowser(Task3.java:24)
at org.testng.Task3.closeBrowser(Task3.java:24)
at org.testng.Task3.closeBrowser(Task3.java:24)
at org.testng.Task3.closeBrowser(Task3.java:24)
at org.testng.Task3.closeBrowser(Task3.java:24)
at org.testng.Task3.closeBrowser(Task3.java:24)
at org.testng.Task3.closeBrowser(Task3.java:24)
at org.testng.Task3.closeBrowser(Task3.java:24)
at org.testng.Task3.closeBrowser(Task3.java:24)
at org.testng.Task3.closeBrowser(Task3.java:24)
at org.testng.Task3.closeBrowser(Task3.java:24)
at org.testng.Task3.closeBrowser(Task3.java:24)
at org.testng.Task3.closeBrowser(Task3.java:24)
at org.testng.Task3.closeBrowser(Task3.java:24)
at org.testng.Task3.closeBrowser(Task3.java:24)
at org.testng.Task3.closeBrowser(Task3.java:24)
at org.testng.Task3.closeBrowser(Task3.java:24)
at org.testng.Task3.closeBrowser(Task3.java:24)
at org.testng.Task3.closeBrowser(Task3.java:24)
at org.testng.Task3.closeBrowser(Task3.java:24)
at org.testng.Task3.closeBrowser(Task3.java:24)
at org.testng.Task3.closeBrowser(Task3.java:24)
at org.testng.Task3.closeBrowser(Task3.java:24)
at org.testng.Task3.closeBrowser(Task3.java:24)
at org.testng.Task3.closeBrowser(Task3.java:24)
at org.testng.Task3.closeBrowser(Task3.java:24)
at org.testng.Task3.closeBrowser(Task3.java:24)
at org.testng.Task3.closeBrowser(Task3.java:24)
at org.testng.Task3.closeBrowser(Task3.java:24)
at org.testng.Task3.closeBrowser(Task3.java:24)
at org.testng.Task3.closeBrowser(Task3.java:24)
at org.testng.Task3.closeBrowser(Task3.java:24)
at org.testng.Task3.closeBrowser(Task3.java:24)
at org.testng.Task3.closeBrowser(Task3.java:24)
at org.testng.Task3.closeBrowser(Task3.java:24)
at org.testng.Task3.closeBrowser(Task3.java:24)
at org.testng.Task3.closeBrowser(Task3.java:24)
at org.testng.Task3.closeBrowser(Task3.java:24)
at org.testng.Task3.closeBrowser(Task3.java:24)
at org.testng.Task3.closeBrowser(Task3.java:24)
at org.testng.Task3.closeBrowser(Task3.java:24)
at org.testng.Task3.closeBrowser(Task3.java:24)
at org.testng.Task3.closeBrowser(Task3.java:24)
at org.testng.Task3.closeBrowser(Task3.java:24)
at org.testng.Task3.closeBrowser(Task3.java:24)
at org.testng.Task3.closeBrowser(Task3.java:24)
at org.testng.Task3.closeBrowser(Task3.java:24)
at org.testng.Task3.closeBrowser(Task3.java:24)
at org.testng.Task3.closeBrowser(Task3.java:24)
at org.testng.Task3.closeBrowser(Task3.java:24)
at org.testng.Task3.closeBrowser(Task3.java:24)
at org.testng.Task3.closeBrowser(Task3.java:24)
at org.testng.Task3.closeBrowser(Task3.java:24)
at org.testng.Task3.closeBrowser(Task3.java:24)
at org.testng.Task3.closeBrowser(Task3.java:24)
at org.testng.Task3.closeBrowser(Task3.java:24)
at org.testng.Task3.closeBrowser(Task3.java:24)
at org.testng.Task3.closeBrowser(Task3.java:24)
at org.testng.Task3.closeBrowser(Task3.java:24)
at org.testng.Task3.closeBrowser(Task3.java:24)
at org.testng.Task3.closeBrowser(Task3.java:24)
at org.testng.Task3.closeBrowser(Task3.java:24)
at org.testng.Task3.closeBrowser(Task3.java:24)
at org.testng.Task3.closeBrowser(Task3.java:24)
at org.testng.Task3.closeBrowser(Task3.java:24)
at org.testng.Task3.closeBrowser(Task3.java:24)
at org.testng.Task3.closeBrowser(Task3.java:24)
at org.testng.Task3.closeBrowser(Task3.java:24)
at org.testng.Task3.closeBrowser(Task3.java:24)
at org.testng.Task3.closeBrowser(Task3.java:24)
at org.testng.Task3.closeBrowser(Task3.java:24)
at org.testng.Task3.closeBrowser(Task3.java:24)
at org.testng.Task3.closeBrowser(Task3.java:24)
at org.testng.Task3.closeBrowser(Task3.java:24)
at org.testng.Task3.closeBrowser(Task3.java:24)
at org.testng.Task3.closeBrowser(Task3.java:24)
at org.testng.Task3.closeBrowser(Task3.java:24)
at org.testng.Task3.closeBrowser(Task3.java:24)
at org.testng.Task3.closeBrowser(Task3.java:24)
at org.testng.Task3.closeBrowser(Task3.java:24)
at org.testng.Task3.closeBrowser(Task3.java:24)
at org.testng.Task3.closeBrowser(Task3.java:24)
at org.testng.Task3.closeBrowser(Task3.java:24)
at org.testng.Task3.closeBrowser(Task3.java:24)
at org.testng.Task3.closeBrowser(Task3.java:24)
at org.testng.Task3.closeBrowser(Task3.java:24)
at org.testng.Task3.closeBrowser(Task3.java:24)
at org.testng.Task3.closeBrowser(Task3.java:24)
at org.testng.Task3.closeBrowser(Task3.java:24)
at org.testng.Task3.closeBrowser(Task3.java:24)
at org.testng.Task3.closeBrowser(Task3.java:24)
at org.testng.Task3.closeBrowser(Task3.java:24)
at org.testng.Task3.closeBrowser(Task3.java:24)
at org.testng.Task3.closeBrowser(Task3.java:24)
at org.testng.Task3.closeBrowser(Task3.java:24)
at org.testng.Task3.closeBrowser(Task3.java:24)
at org.testng.Task3.closeBrowser(Task3.java:24)
at org.testng.Task3.closeBrowser(Task3.java:24)
at org.testng.Task3.closeBrowser(Task3.java:24)
at org.testng.Task3.closeBrowser(Task3.java:24)
at org.testng.Task3.closeBrowser(Task3.java:24)
at org.testng.Task3.closeBrowser(Task3.java:24)
at org.testng.Task3.closeBrowser(Task3.java:24)
at org.testng.Task3.closeBrowser(Task3.java:24)
at org.testng.Task3.closeBrowser(Task3.java:24)
at org.testng.Task3.closeBrowser(Task3.java:24)
at org.testng.Task3.closeBrowser(Task3.java:24)
at org.testng.Task3.closeBrowser(Task3.java:24)
at org.testng.Task3.closeBrowser(Task3.java:24)
at org.testng.Task3.closeBrowser(Task3.java:24)
at org.testng.Task3.closeBrowser(Task3.java:24)
at org.testng.Task3.closeBrowser(Task3.java:24)
at org.testng.Task3.closeBrowser(Task3.java:24)
at org.testng.Task3.closeBrowser(Task3.java:24)
at org.testng.Task3.closeBrowser(Task3.java:24)
at org.testng.Task3.closeBrowser(Task3.java:24)
at org.testng.Task3.closeBrowser(Task3.java:24)
at org.testng.Task3.closeBrowser(Task3.java:24)
at org.testng.Task3.closeBrowser(Task3.java:24)
at org.testng.Task3.closeBrowser(Task3.java:24)
at org.testng.Task3.closeBrowser(Task3.java:24)
at org.testng.Task3.closeBrowser(Task3.java:24)
at org.testng.Task3.closeBrowser(Task3.java:24)
at org.testng.Task3.closeBrowser(Task3.java:24)
at org.testng.Task3.closeBrowser(Task3.java:24)
at org.testng.Task3.closeBrowser(Task3.java:24)
at org.testng.Task3.closeBrowser(Task3.java:24)
at org.testng.Task3.closeBrowser(Task3.java:24)
at org.testng.Task3.closeBrowser(Task3.java:24)
at org.testng.Task3.closeBrowser(Task3.java:24)
at org.testng.Task3.closeBrowser(Task3.java:24)
at org.testng.Task3.closeBrowser(Task3.java:24)
at org.testng.Task3.closeBrowser(Task3.java:24)
at org.testng.Task3.closeBrowser(Task3.java:24)
at org.testng.Task3.closeBrowser(Task3.java:24)
at org.testng.Task3.closeBrowser(Task3.java:24)
at org.testng.Task3.closeBrowser(Task3.java:24)
at org.testng.Task3.closeBrowser(Task3.java:24)
at org.testng.Task3.closeBrowser(Task3.java:24)
at org.testng.Task3.closeBrowser(Task3.java:24)
at org.testng.Task3.closeBrowser(Task3.java:24)
at org.testng.Task3.closeBrowser(Task3.java:24)
at org.testng.Task3.closeBrowser(Task3.java:24)
at org.testng.Task3.closeBrowser(Task3.java:24)
at org.testng.Task3.closeBrowser(Task3.java:24)
at org.testng.Task3.closeBrowser(Task3.java:24)
at org.testng.Task3.closeBrowser(Task3.java:24)
at org.testng.Task3.closeBrowser(Task3.java:24)
at org.testng.Task3.closeBrowser(Task3.java:24)
at org.testng.Task3.closeBrowser(Task3.java:24)
at org.testng.Task3.closeBrowser(Task3.java:24)
at org.testng.Task3.closeBrowser(Task3.java:24)
at org.testng.Task3.closeBrowser(Task3.java:24)
at org.testng.Task3.closeBrowser(Task3.java:24)
at org.testng.Task3.closeBrowser(Task3.java:24)
at org.testng.Task3.closeBrowser(Task3.java:24)
at org.testng.Task3.closeBrowser(Task3.java:24)
at org.testng.Task3.closeBrowser(Task3.java:24)
at org.testng.Task3.closeBrowser(Task3.java:24)
at org.testng.Task3.closeBrowser(Task3.java:24)
at org.testng.Task3.closeBrowser(Task3.java:24)
at org.testng.Task3.closeBrowser(Task3.java:24)
at org.testng.Task3.closeBrowser(Task3.java:24)
at org.testng.Task3.closeBrowser(Task3.java:24)
at org.testng.Task3.closeBrowser(Task3.java:24)
at org.testng.Task3.closeBrowser(Task3.java:24)
at org.testng.Task3.closeBrowser(Task3.java:24)
at org.testng.Task3.closeBrowser(Task3.java:24)
at org.testng.Task3.closeBrowser(Task3.java:24)
at org.testng.Task3.closeBrowser(Task3.java:24)
at org.testng.Task3.closeBrowser(Task3.java:24)
at org.testng.Task3.closeBrowser(Task3.java:24)
at org.testng.Task3.closeBrowser(Task3.java:24)
at org.testng.Task3.closeBrowser(Task3.java:24)
at org.testng.Task3.closeBrowser(Task3.java:24)
at org.testng.Task3.closeBrowser(Task3.java:24)
at org.testng.Task3.closeBrowser(Task3.java:24)
at org.testng.Task3.closeBrowser(Task3.java:24)
at org.testng.Task3.closeBrowser(Task3.java:24)
at org.testng.Task3.closeBrowser(Task3.java:24)
at org.testng.Task3.closeBrowser(Task3.java:24)
at org.testng.Task3.closeBrowser(Task3.java:24)
at org.testng.Task3.closeBrowser(Task3.java:24)
at org.testng.Task3.closeBrowser(Task3.java:24)
at org.testng.Task3.closeBrowser(Task3.java:24)
at org.testng.Task3.closeBrowser(Task3.java:24)
at org.testng.Task3.closeBrowser(Task3.java:24)
at org.testng.Task3.closeBrowser(Task3.java:24)
at org.testng.Task3.closeBrowser(Task3.java:24)
at org.testng.Task3.closeBrowser(Task3.java:24)
at org.testng.Task3.closeBrowser(Task3.java:24)
at org.testng.Task3.closeBrowser(Task3.java:24)
at org.testng.Task3.closeBrowser(Task3.java:24)
at org.testng.Task3.closeBrowser(Task3.java:24)
at org.testng.Task3.closeBrowser(Task3.java:24)
at org.testng.Task3.closeBrowser(Task3.java:24)
at org.testng.Task3.closeBrowser(Task3.java:24)
at org.testng.Task3.closeBrowser(Task3.java:24)
at org.testng.Task3.closeBrowser(Task3.java:24)
at org.testng.Task3.closeBrowser(Task3.java:24)
at org.testng.Task3.closeBrowser(Task3.java:24)
at org.testng.Task3.closeBrowser(Task3.java:24)
at org.testng.Task3.closeBrowser(Task3.java:24)
at org.testng.Task3.closeBrowser(Task3.java:24)
at org.testng.Task3.closeBrowser(Task3.java:24)
at org.testng.Task3.closeBrowser(Task3.java:24)
at org.testng.Task3.closeBrowser(Task3.java:24)
at org.testng.Task3.closeBrowser(Task3.java:24)
at org.testng.Task3.closeBrowser(Task3.java:24)
at org.testng.Task3.closeBrowser(Task3.java:24)
at org.testng.Task3.closeBrowser(Task3.java:24)
at org.testng.Task3.closeBrowser(Task3.java:24)
at org.testng.Task3.closeBrowser(Task3.java:24)
at org.testng.Task3.closeBrowser(Task3.java:24)
at org.testng.Task3.closeBrowser(Task3.java:24)
at org.testng.Task3.closeBrowser(Task3.java:24)
at org.testng.Task3.closeBrowser(Task3.java:24)
at org.testng.Task3.closeBrowser(Task3.java:24)
at org.testng.Task3.closeBrowser(Task3.java:24)
at org.testng.Task3.closeBrowser(Task3.java:24)
at org.testng.Task3.closeBrowser(Task3.java:24)
at org.testng.Task3.closeBrowser(Task3.java:24)
at org.testng.Task3.closeBrowser(Task3.java:24)
at org.testng.Task3.closeBrowser(Task3.java:24)
at org.testng.Task3.closeBrowser(Task3.java:24)
at org.testng.Task3.closeBrowser(Task3.java:24)
at org.testng.Task3.closeBrowser(Task3.java:24)
at org.testng.Task3.closeBrowser(Task3.java:24)
at org.testng.Task3.closeBrowser(Task3.java:24)
at org.testng.Task3.closeBrowser(Task3.java:24)
at org.testng.Task3.closeBrowser(Task3.java:24)
at org.testng.Task3.closeBrowser(Task3.java:24)
at org.testng.Task3.closeBrowser(Task3.java:24)
at org.testng.Task3.closeBrowser(Task3.java:24)
at org.testng.Task3.closeBrowser(Task3.java:24)
at org.testng.Task3.closeBrowser(Task3.java:24)
at org.testng.Task3.closeBrowser(Task3.java:24)
at org.testng.Task3.closeBrowser(Task3.java:24)
at org.testng.Task3.closeBrowser(Task3.java:24)
at org.testng.Task3.closeBrowser(Task3.java:24)
at org.testng.Task3.closeBrowser(Task3.java:24)
at org.testng.Task3.closeBrowser(Task3.java:24)
at org.testng.Task3.closeBrowser(Task3.java:24)
at org.testng.Task3.closeBrowser(Task3.java:24)
at org.testng.Task3.closeBrowser(Task3.java:24)
at org.testng.Task3.closeBrowser(Task3.java:24)
at org.testng.Task3.closeBrowser(Task3.java:24)
at org.testng.Task3.closeBrowser(Task3.java:24)
at org.testng.Task3.closeBrowser(Task3.java:24)
at org.testng.Task3.closeBrowser(Task3.java:24)
at org.testng.Task3.closeBrowser(Task3.java:24)
at org.testng.Task3.closeBrowser(Task3.java:24)
at org.testng.Task3.closeBrowser(Task3.java:24)
at org.testng.Task3.closeBrowser(Task3.java:24)
at org.testng.Task3.closeBrowser(Task3.java:24)
at org.testng.Task3.closeBrowser(Task3.java:24)
at org.testng.Task3.closeBrowser(Task3.java:24)
at org.testng.Task3.closeBrowser(Task3.java:24)
at org.testng.Task3.closeBrowser(Task3.java:24)
at org.testng.Task3.closeBrowser(Task3.java:24)
at org.testng.Task3.closeBrowser(Task3.java:24)
at org.testng.Task3.closeBrowser(Task3.java:24)
at org.testng.Task3.closeBrowser(Task3.java:24)
at org.testng.Task3.closeBrowser(Task3.java:24)
at org.testng.Task3.closeBrowser(Task3.java:24)
at org.testng.Task3.closeBrowser(Task3.java:24)
at org.testng.Task3.closeBrowser(Task3.java:24)
at org.testng.Task3.closeBrowser(Task3.java:24)
at org.testng.Task3.closeBrowser(Task3.java:24)
at org.testng.Task3.closeBrowser(Task3.java:24)
at org.testng.Task3.closeBrowser(Task3.java:24)
at org.testng.Task3.closeBrowser(Task3.java:24)
at org.testng.Task3.closeBrowser(Task3.java:24)
at org.testng.Task3.closeBrowser(Task3.java:24)
at org.testng.Task3.closeBrowser(Task3.java:24)
at org.testng.Task3.closeBrowser(Task3.java:24)
at org.testng.Task3.closeBrowser(Task3.java:24)
at org.testng.Task3.closeBrowser(Task3.java:24)
at org.testng.Task3.closeBrowser(Task3.java:24)
at org.testng.Task3.closeBrowser(Task3.java:24)
at org.testng.Task3.closeBrowser(Task3.java:24)
at org.testng.Task3.closeBrowser(Task3.java:24)
at org.testng.Task3.closeBrowser(Task3.java:24)
at org.testng.Task3.closeBrowser(Task3.java:24)
at org.testng.Task3.closeBrowser(Task3.java:24)
at org.testng.Task3.closeBrowser(Task3.java:24)
at org.testng.Task3.closeBrowser(Task3.java:24)
at org.testng.Task3.closeBrowser(Task3.java:24)
at org.testng.Task3.closeBrowser(Task3.java:24)
at org.testng.Task3.closeBrowser(Task3.java:24)
at org.testng.Task3.closeBrowser(Task3.java:24)
at org.testng.Task3.closeBrowser(Task3.java:24)
at org.testng.Task3.closeBrowser(Task3.java:24)
at org.testng.Task3.closeBrowser(Task3.java:24)
at org.testng.Task3.closeBrowser(Task3.java:24)
at org.testng.Task3.closeBrowser(Task3.java:24)
at org.testng.Task3.closeBrowser(Task3.java:24)
at org.testng.Task3.closeBrowser(Task3.java:24)
at org.testng.Task3.closeBrowser(Task3.java:24)
at org.testng.Task3.closeBrowser(Task3.java:24)
at org.testng.Task3.closeBrowser(Task3.java:24)
at org.testng.Task3.closeBrowser(Task3.java:24)
at org.testng.Task3.closeBrowser(Task3.java:24)
at org.testng.Task3.closeBrowser(Task3.java:24)
at org.testng.Task3.closeBrowser(Task3.java:24)
at org.testng.Task3.closeBrowser(Task3.java:24)
at org.testng.Task3.closeBrowser(Task3.java:24)
at org.testng.Task3.closeBrowser(Task3.java:24)
at org.testng.Task3.closeBrowser(Task3.java:24)
at org.testng.Task3.closeBrowser(Task3.java:24)
at org.testng.Task3.closeBrowser(Task3.java:24)
at org.testng.Task3.closeBrowser(Task3.java:24)
at org.testng.Task3.closeBrowser(Task3.java:24)
at org.testng.Task3.closeBrowser(Task3.java:24)
at org.testng.Task3.closeBrowser(Task3.java:24)
at org.testng.Task3.closeBrowser(Task3.java:24)
at org.testng.Task3.closeBrowser(Task3.java:24)
at org.testng.Task3.closeBrowser(Task3.java:24)
at org.testng.Task3.closeBrowser(Task3.java:24)
at org.testng.Task3.closeBrowser(Task3.java:24)
at org.testng.Task3.closeBrowser(Task3.java:24)
at org.testng.Task3.closeBrowser(Task3.java:24)
at org.testng.Task3.closeBrowser(Task3.java:24)
at org.testng.Task3.closeBrowser(Task3.java:24)
at org.testng.Task3.closeBrowser(Task3.java:24)
at org.testng.Task3.closeBrowser(Task3.java:24)
at org.testng.Task3.closeBrowser(Task3.java:24)
at org.testng.Task3.closeBrowser(Task3.java:24)
at org.testng.Task3.closeBrowser(Task3.java:24)
at org.testng.Task3.closeBrowser(Task3.java:24)
at org.testng.Task3.closeBrowser(Task3.java:24)
at org.testng.Task3.closeBrowser(Task3.java:24)
at org.testng.Task3.closeBrowser(Task3.java:24)
at org.testng.Task3.closeBrowser(Task3.java:24)
at org.testng.Task3.closeBrowser(Task3.java:24)
at org.testng.Task3.closeBrowser(Task3.java:24)
at org.testng.Task3.closeBrowser(Task3.java:24)
at org.testng.Task3.closeBrowser(Task3.java:24)
at org.testng.Task3.closeBrowser(Task3.java:24)
at org.testng.Task3.closeBrowser(Task3.java:24)
at org.testng.Task3.closeBrowser(Task3.java:24)
at org.testng.Task3.closeBrowser(Task3.java:24)
at org.testng.Task3.closeBrowser(Task3.java:24)
at org.testng.Task3.closeBrowser(Task3.java:24)
at org.testng.Task3.closeBrowser(Task3.java:24)
at org.testng.Task3.closeBrowser(Task3.java:24)
at org.testng.Task3.closeBrowser(Task3.java:24)
at org.testng.Task3.closeBrowser(Task3.java:24)
at org.testng.Task3.closeBrowser(Task3.java:24)
at org.testng.Task3.closeBrowser(Task3.java:24)
at org.testng.Task3.closeBrowser(Task3.java:24)
at org.testng.Task3.closeBrowser(Task3.java:24)
at org.testng.Task3.closeBrowser(Task3.java:24)
at org.testng.Task3.closeBrowser(Task3.java:24)
at org.testng.Task3.closeBrowser(Task3.java:24)
at org.testng.Task3.closeBrowser(Task3.java:24)
at org.testng.Task3.closeBrowser(Task3.java:24)
at org.testng.Task3.closeBrowser(Task3.java:24)
at org.testng.Task3.closeBrowser(Task3.java:24)
at org.testng.Task3.closeBrowser(Task3.java:24)
at org.testng.Task3.closeBrowser(Task3.java:24)
at org.testng.Task3.closeBrowser(Task3.java:24)
at org.testng.Task3.closeBrowser(Task3.java:24)
at org.testng.Task3.closeBrowser(Task3.java:24)
at org.testng.Task3.closeBrowser(Task3.java:24)
at org.testng.Task3.closeBrowser(Task3.java:24)
at org.testng.Task3.closeBrowser(Task3.java:24)
at org.testng.Task3.closeBrowser(Task3.java:24)
at org.testng.Task3.closeBrowser(Task3.java:24)
at org.testng.Task3.closeBrowser(Task3.java:24)
at org.testng.Task3.closeBrowser(Task3.java:24)
at org.testng.Task3.closeBrowser(Task3.java:24)
at org.testng.Task3.closeBrowser(Task3.java:24)
at org.testng.Task3.closeBrowser(Task3.java:24)
at org.testng.Task3.closeBrowser(Task3.java:24)
at org.testng.Task3.closeBrowser(Task3.java:24)
at org.testng.Task3.closeBrowser(Task3.java:24)
at org.testng.Task3.closeBrowser(Task3.java:24)
at org.testng.Task3.closeBrowser(Task3.java:24)
at org.testng.Task3.closeBrowser(Task3.java:24)
at org.testng.Task3.closeBrowser(Task3.java:24)
at org.testng.Task3.closeBrowser(Task3.java:24)
at org.testng.Task3.closeBrowser(Task3.java:24)
at org.testng.Task3.closeBrowser(Task3.java:24)
at org.testng.Task3.closeBrowser(Task3.java:24)
at org.testng.Task3.closeBrowser(Task3.java:24)
at org.testng.Task3.closeBrowser(Task3.java:24)
at org.testng.Task3.closeBrowser(Task3.java:24)
at org.testng.Task3.closeBrowser(Task3.java:24)
at org.testng.Task3.closeBrowser(Task3.java:24)
at org.testng.Task3.closeBrowser(Task3.java:24)
at org.testng.Task3.closeBrowser(Task3.java:24)
at org.testng.Task3.closeBrowser(Task3.java:24)
at org.testng.Task3.closeBrowser(Task3.java:24)
at org.testng.Task3.closeBrowser(Task3.java:24)
at org.testng.Task3.closeBrowser(Task3.java:24)
at org.testng.Task3.closeBrowser(Task3.java:24)
at org.testng.Task3.closeBrowser(Task3.java:24)
at org.testng.Task3.closeBrowser(Task3.java:24)
at org.testng.Task3.closeBrowser(Task3.java:24)
at org.testng.Task3.closeBrowser(Task3.java:24)
at org.testng.Task3.closeBrowser(Task3.java:24)
at org.testng.Task3.closeBrowser(Task3.java:24)
at org.testng.Task3.closeBrowser(Task3.java:24)
at org.testng.Task3.closeBrowser(Task3.java:24)
at org.testng.Task3.closeBrowser(Task3.java:24)
at org.testng.Task3.closeBrowser(Task3.java:24)
at org.testng.Task3.closeBrowser(Task3.java:24)
at org.testng.Task3.closeBrowser(Task3.java:24)
at org.testng.Task3.closeBrowser(Task3.java:24)
at org.testng.Task3.closeBrowser(Task3.java:24)
at org.testng.Task3.closeBrowser(Task3.java:24)
at org.testng.Task3.closeBrowser(Task3.java:24)
at org.testng.Task3.closeBrowser(Task3.java:24)
at org.testng.Task3.closeBrowser(Task3.java:24)
at org.testng.Task3.closeBrowser(Task3.java:24)
at org.testng.Task3.closeBrowser(Task3.java:24)
at org.testng.Task3.closeBrowser(Task3.java:24)
at org.testng.Task3.closeBrowser(Task3.java:24)
at org.testng.Task3.closeBrowser(Task3.java:24)
at org.testng.Task3.closeBrowser(Task3.java:24)
at org.testng.Task3.closeBrowser(Task3.java:24)
at org.testng.Task3.closeBrowser(Task3.java:24)
at org.testng.Task3.closeBrowser(Task3.java:24)
at org.testng.Task3.closeBrowser(Task3.java:24)
at org.testng.Task3.closeBrowser(Task3.java:24)
at org.testng.Task3.closeBrowser(Task3.java:24)
at org.testng.Task3.closeBrowser(Task3.java:24)
at org.testng.Task3.closeBrowser(Task3.java:24)
at org.testng.Task3.closeBrowser(Task3.java:24)
at org.testng.Task3.closeBrowser(Task3.java:24)
at org.testng.Task3.closeBrowser(Task3.java:24)
at org.testng.Task3.closeBrowser(Task3.java:24)
at org.testng.Task3.closeBrowser(Task3.java:24)
at org.testng.Task3.closeBrowser(Task3.java:24)
at org.testng.Task3.closeBrowser(Task3.java:24)
at org.testng.Task3.closeBrowser(Task3.java:24)
at org.testng.Task3.closeBrowser(Task3.java:24)
at org.testng.Task3.closeBrowser(Task3.java:24)
at org.testng.Task3.closeBrowser(Task3.java:24)
at org.testng.Task3.closeBrowser(Task3.java:24)
at org.testng.Task3.closeBrowser(Task3.java:24)
at org.testng.Task3.closeBrowser(Task3.java:24)
at org.testng.Task3.closeBrowser(Task3.java:24)
at org.testng.Task3.closeBrowser(Task3.java:24)
at org.testng.Task3.closeBrowser(Task3.java:24)
at org.testng.Task3.closeBrowser(Task3.java:24)
at org.testng.Task3.closeBrowser(Task3.java:24)
at org.testng.Task3.closeBrowser(Task3.java:24)
at org.testng.Task3.closeBrowser(Task3.java:24)
at org.testng.Task3.closeBrowser(Task3.java:24)
]]>
    </error>
  </testcase> <!-- closeBrowser -->
</testsuite> <!-- org.testng.Task3 -->
