<?xml version="1.0" encoding="UTF-8"?>
<!-- Generated by org.testng.reporters.JUnitReportReporter -->
<testsuite skipped="0" hostname="DESKTOP-MCCRJ8V" name="org.testng.Task8" tests="1" failures="0" timestamp="20 Dec 2021 11:20:16 GMT" time="6.022" errors="0">
  <testcase name="greens" time="6.022" classname="org.testng.Task8"/>
</testsuite> <!-- org.testng.Task8 -->
