<?xml version="1.0" encoding="UTF-8"?>
<!-- Generated by org.testng.reporters.JUnitReportReporter -->
<testsuite skipped="0" hostname="DESKTOP-MCCRJ8V" name="org.testng.Task2" tests="1" failures="0" timestamp="16 Dec 2021 15:16:11 GMT" time="19.058" errors="0">
  <testcase name="redbus" time="19.058" classname="org.testng.Task2"/>
</testsuite> <!-- org.testng.Task2 -->
