<?xml version="1.0" encoding="UTF-8"?>
<!-- Generated by org.testng.reporters.JUnitReportReporter -->
<testsuite skipped="0" hostname="DESKTOP-MCCRJ8V" name="org.testng.Task6" tests="3" failures="0" timestamp="19 Dec 2021 07:28:55 GMT" time="30.447" errors="0">
  <testcase name="tc1" time="13.173" classname="org.testng.Task6"/>
  <testcase name="tc1" time="7.050" classname="org.testng.Task6"/>
  <testcase name="tc1" time="10.224" classname="org.testng.Task6"/>
</testsuite> <!-- org.testng.Task6 -->
