<?xml version="1.0" encoding="UTF-8"?>
<!-- Generated by org.testng.reporters.JUnitReportReporter -->
<testsuite skipped="0" hostname="DESKTOP-MCCRJ8V" name="org.testng.Task" tests="4" failures="0" timestamp="20 Dec 2021 12:15:00 GMT" time="6.328" errors="0">
  <testcase name="tc3" time="0.964" classname="org.testng.Task"/>
  <testcase name="tc4" time="1.118" classname="org.testng.Task"/>
  <testcase name="tc1" time="2.819" classname="org.testng.Task"/>
  <testcase name="tc2" time="1.427" classname="org.testng.Task"/>
</testsuite> <!-- org.testng.Task -->
