<?xml version="1.0" encoding="UTF-8"?>
<!-- Generated by org.testng.reporters.JUnitReportReporter -->
<testsuite skipped="0" hostname="DESKTOP-MCCRJ8V" name="org.testng.Task4" tests="1" failures="0" timestamp="17 Dec 2021 07:44:15 GMT" time="3.805" errors="0">
  <testcase name="flipkart" time="3.805" classname="org.testng.Task4"/>
</testsuite> <!-- org.testng.Task4 -->
