<?xml version="1.0" encoding="UTF-8"?>
<!-- Generated by org.testng.reporters.JUnitReportReporter -->
<testsuite skipped="0" hostname="DESKTOP-MCCRJ8V" name="org.testng.Task12" tests="4" failures="0" timestamp="20 Dec 2021 17:06:53 GMT" time="1.043" errors="0">
  <testcase name="tc5" time="0.279" classname="org.testng.Task12"/>
  <testcase name="tc2" time="0.166" classname="org.testng.Task12"/>
  <testcase name="tc6" time="0.344" classname="org.testng.Task12"/>
  <testcase name="tc1" time="0.254" classname="org.testng.Task12"/>
</testsuite> <!-- org.testng.Task12 -->
