<?xml version="1.0" encoding="UTF-8"?>
<!-- Generated by org.testng.reporters.JUnitReportReporter -->
<testsuite skipped="0" hostname="DESKTOP-MCCRJ8V" name="org.testng.sample" tests="1" failures="0" timestamp="21 Dec 2021 14:17:37 GMT" time="8.263" errors="0">
  <testcase name="tc4" time="8.263" classname="org.testng.sample"/>
</testsuite> <!-- org.testng.sample -->
